Target Part: A2F200M3F_FBGA484_STD
Report for cell HBridge.verilog
  Core Cell usage:
              cell count     area count*area
              AND2     6      1.0        6.0
             AND2A     2      1.0        2.0
              AND3    19      1.0       19.0
               AO1    15      1.0       15.0
              AO13     9      1.0        9.0
              AO16     6      1.0        6.0
              AO18     6      1.0        6.0
              AO1A     5      1.0        5.0
              AO1B     1      1.0        1.0
              AO1C     6      1.0        6.0
              AO1D     3      1.0        3.0
              AOI1     3      1.0        3.0
             AOI1A     2      1.0        2.0
             AOI1B     4      1.0        4.0
               AX1     8      1.0        8.0
              AX1A     4      1.0        4.0
              AX1B     6      1.0        6.0
              AX1C     1      1.0        1.0
              AX1D    17      1.0       17.0
              AX1E     2      1.0        2.0
              AXO1     5      1.0        5.0
              AXO3     1      1.0        1.0
              AXO7     1      1.0        1.0
             AXOI1     1      1.0        1.0
             AXOI5     1      1.0        1.0
               GND     7      0.0        0.0
              MAJ3     5      1.0        5.0
             MAJ3X     1      1.0        1.0
           MSS_APB     1      0.0        0.0
           MSS_CCC     1      0.0        0.0
               MX2    31      1.0       31.0
              MX2A     8      1.0        8.0
              MX2B    10      1.0       10.0
              MX2C     6      1.0        6.0
              NOR2    18      1.0       18.0
             NOR2A    50      1.0       50.0
             NOR2B    53      1.0       53.0
              NOR3     8      1.0        8.0
             NOR3A    14      1.0       14.0
             NOR3B    26      1.0       26.0
             NOR3C    26      1.0       26.0
               OA1    27      1.0       27.0
              OA1A     9      1.0        9.0
              OA1B     4      1.0        4.0
              OA1C     5      1.0        5.0
              OAI1     4      1.0        4.0
               OR2    16      1.0       16.0
              OR2A    19      1.0       19.0
              OR2B     5      1.0        5.0
               OR3    16      1.0       16.0
              OR3A     2      1.0        2.0
              OR3B     5      1.0        5.0
             RCOSC     1      0.0        0.0
               VCC     7      0.0        0.0
               XA1    10      1.0       10.0
              XA1A    10      1.0       10.0
              XA1B     4      1.0        4.0
             XAI1A     1      1.0        1.0
             XNOR2    38      1.0       38.0
             XNOR3    10      1.0       10.0
              XO1A     2      1.0        2.0
              XOR2    75      1.0       75.0
              XOR3    20      1.0       20.0


              DFN1    33      1.0       33.0
            DFN1E0     6      1.0        6.0
            DFN1E1     4      1.0        4.0
                   -----          ----------
             TOTAL   732               715.0


  IO Cell usage:
              cell count
         INBUF_MSS     3
            OUTBUF     5
        OUTBUF_MSS     2
                   -----
             TOTAL    10


Core Cells         : 715 of 4608 (16%)
IO Cells           : 10

  RAM/ROM Usage Summary
Block Rams : 0 of 8 (0%)

