
Starting:    C:\Libero\Libero_v11.5\Synopsys\synplify_I201403MSP1\win64\mbin\synbatch.exe
Install:     C:\Libero\Libero_v11.5\Synopsys\synplify_I201403MSP1
Date:        Sun Mar 20 22:59:01 2016
Version:     I-2014.03M-SP1

Arguments:   -product synplify_pro  -licensetype synplifypro_actel -batch -log synplify.log xBeeTransmit_syn.tcl
ProductType: synplify_pro

License checkout: synplifypro_actel
License: synplifypro_actel node-locked 
Licensed Vendor: actel
License Option: actel_oem

Running in Vendor Mode


auto_infer_blackbox is not supported in current product.

log file: "C:\Users\Ben\Desktop\xBeeTransmit\synthesis\xBeeTransmit.srr"



Running xBeeTransmit_syn|synthesis


Running: Compile on xBeeTransmit_syn|synthesis


Running: Compile Process on xBeeTransmit_syn|synthesis


Running: Compile Input on xBeeTransmit_syn|synthesis

Copied C:\Users\Ben\Desktop\xBeeTransmit\synthesis\synwork\xBeeTransmit_comp.srs to C:\Users\Ben\Desktop\xBeeTransmit\synthesis\xBeeTransmit.srs


compiler Completed with warnings
Return Code: 1
Run Time:0h:00m:01s


Running: Multi-srs Generator on xBeeTransmit_syn|synthesis

Copied C:\Users\Ben\Desktop\xBeeTransmit\synthesis\synwork\xBeeTransmit_comp.srs to C:\Users\Ben\Desktop\xBeeTransmit\synthesis\synwork\xBeeTransmit_s.srs


multi_srs_gen Completed
Return Code: 0
Run Time:0h:00m:00s

Copied C:\Users\Ben\Desktop\xBeeTransmit\synthesis\synwork\xBeeTransmit_mult.srs to C:\Users\Ben\Desktop\xBeeTransmit\synthesis\xBeeTransmit.srs

Complete: Compile Process on xBeeTransmit_syn|synthesis


Running: Pre-mapping on xBeeTransmit_syn|synthesis

Copied C:\Users\Ben\Desktop\xBeeTransmit\synthesis\xBeeTransmit.sap to C:\Users\Ben\Desktop\xBeeTransmit\synthesis\synwork\xBeeTransmit_s.sap

Copied C:\Users\Ben\Desktop\xBeeTransmit\synthesis\xBeeTransmit.fse to C:\Users\Ben\Desktop\xBeeTransmit\synthesis\synwork\xBeeTransmit_s.fse


premap Completed
Return Code: 0
Run Time:0h:00m:01s

Complete: Compile on xBeeTransmit_syn|synthesis


Running: Map on xBeeTransmit_syn|synthesis


Running: Map & Optimize on xBeeTransmit_syn|synthesis

Copied C:\Users\Ben\Desktop\xBeeTransmit\synthesis\synwork\xBeeTransmit_m.srm to C:\Users\Ben\Desktop\xBeeTransmit\synthesis\xBeeTransmit.srm


fpga_mapper Completed with warnings
Return Code: 1
Run Time:0h:00m:00s

Complete: Map on xBeeTransmit_syn|synthesis

Complete: Logic Synthesis on xBeeTransmit_syn|synthesis

TCL script complete: "xBeeTransmit_syn.tcl"

exit status=0

exit status=0

License checkin: synplifypro_actel

